<?xml version="1.0" encoding="UTF-8"?>
<!-- Generated by org.testng.reporters.JUnitReportReporter -->
<testsuite skipped="0" hostname="LAPTOP-CO6KFNG0" name="ProjectWork.RestAssured.UserCreateLogInDelete" tests="5" failures="0" timestamp="16 Mar 2022 04:39:55 GMT" time="7.187" errors="0">
  <testcase name="delete" time="1.220" classname="ProjectWork.RestAssured.UserCreateLogInDelete"/>
  <testcase name="modifyuser" time="1.135" classname="ProjectWork.RestAssured.UserCreateLogInDelete"/>
  <testcase name="login" time="1.132" classname="ProjectWork.RestAssured.UserCreateLogInDelete"/>
  <testcase name="logout" time="1.185" classname="ProjectWork.RestAssured.UserCreateLogInDelete"/>
  <testcase name="createUser" time="2.515" classname="ProjectWork.RestAssured.UserCreateLogInDelete"/>
</testsuite> <!-- ProjectWork.RestAssured.UserCreateLogInDelete -->
